2025-04-22 17:11:22,807 - httpx - INFO - HTTP Request: POST https://api.telegram.org/bot7968220801:AAGcPWzt_LvROHxFB0wNmwk3lMDf-Meo_8Y/getMe "HTTP/1.1 200 OK"
2025-04-22 17:11:23,010 - httpx - INFO - HTTP Request: POST https://api.telegram.org/bot7968220801:AAGcPWzt_LvROHxFB0wNmwk3lMDf-Meo_8Y/deleteWebhook "HTTP/1.1 200 OK"
2025-04-22 17:11:23,014 - telegram.ext.Application - INFO - Application started
2025-04-22 17:11:33,662 - httpx - INFO - HTTP Request: POST https://api.telegram.org/bot7968220801:AAGcPWzt_LvROHxFB0wNmwk3lMDf-Meo_8Y/getUpdates "HTTP/1.1 200 OK"
2025-04-22 17:11:43,829 - httpx - INFO - HTTP Request: POST https://api.telegram.org/bot7968220801:AAGcPWzt_LvROHxFB0wNmwk3lMDf-Meo_8Y/getUpdates "HTTP/1.1 200 OK"
2025-04-22 17:11:54,041 - httpx - INFO - HTTP Request: POST https://api.telegram.org/bot7968220801:AAGcPWzt_LvROHxFB0wNmwk3lMDf-Meo_8Y/getUpdates "HTTP/1.1 200 OK"
2025-04-22 17:12:04,283 - httpx - INFO - HTTP Request: POST https://api.telegram.org/bot7968220801:AAGcPWzt_LvROHxFB0wNmwk3lMDf-Meo_8Y/getUpdates "HTTP/1.1 200 OK"
2025-04-22 17:12:14,462 - httpx - INFO - HTTP Request: POST https://api.telegram.org/bot7968220801:AAGcPWzt_LvROHxFB0wNmwk3lMDf-Meo_8Y/getUpdates "HTTP/1.1 200 OK"
2025-04-22 17:12:24,765 - httpx - INFO - HTTP Request: POST https://api.telegram.org/bot7968220801:AAGcPWzt_LvROHxFB0wNmwk3lMDf-Meo_8Y/getUpdates "HTTP/1.1 200 OK"
2025-04-22 17:12:34,930 - httpx - INFO - HTTP Request: POST https://api.telegram.org/bot7968220801:AAGcPWzt_LvROHxFB0wNmwk3lMDf-Meo_8Y/getUpdates "HTTP/1.1 200 OK"
2025-04-22 17:12:45,142 - httpx - INFO - HTTP Request: POST https://api.telegram.org/bot7968220801:AAGcPWzt_LvROHxFB0wNmwk3lMDf-Meo_8Y/getUpdates "HTTP/1.1 200 OK"
2025-04-22 17:12:55,693 - httpx - INFO - HTTP Request: POST https://api.telegram.org/bot7968220801:AAGcPWzt_LvROHxFB0wNmwk3lMDf-Meo_8Y/getUpdates "HTTP/1.1 200 OK"
2025-04-22 17:13:05,846 - httpx - INFO - HTTP Request: POST https://api.telegram.org/bot7968220801:AAGcPWzt_LvROHxFB0wNmwk3lMDf-Meo_8Y/getUpdates "HTTP/1.1 200 OK"
2025-04-22 17:13:16,177 - httpx - INFO - HTTP Request: POST https://api.telegram.org/bot7968220801:AAGcPWzt_LvROHxFB0wNmwk3lMDf-Meo_8Y/getUpdates "HTTP/1.1 200 OK"
2025-04-22 17:13:26,412 - httpx - INFO - HTTP Request: POST https://api.telegram.org/bot7968220801:AAGcPWzt_LvROHxFB0wNmwk3lMDf-Meo_8Y/getUpdates "HTTP/1.1 200 OK"
2025-04-22 17:13:36,653 - httpx - INFO - HTTP Request: POST https://api.telegram.org/bot7968220801:AAGcPWzt_LvROHxFB0wNmwk3lMDf-Meo_8Y/getUpdates "HTTP/1.1 200 OK"
2025-04-22 17:13:46,903 - httpx - INFO - HTTP Request: POST https://api.telegram.org/bot7968220801:AAGcPWzt_LvROHxFB0wNmwk3lMDf-Meo_8Y/getUpdates "HTTP/1.1 200 OK"
2025-04-22 17:13:53,550 - httpx - INFO - HTTP Request: POST https://api.telegram.org/bot7968220801:AAGcPWzt_LvROHxFB0wNmwk3lMDf-Meo_8Y/getUpdates "HTTP/1.1 200 OK"
2025-04-22 17:13:54,380 - httpx - INFO - HTTP Request: POST https://api.telegram.org/bot7968220801:AAGcPWzt_LvROHxFB0wNmwk3lMDf-Meo_8Y/sendMessage "HTTP/1.1 200 OK"
2025-04-22 17:14:03,792 - httpx - INFO - HTTP Request: POST https://api.telegram.org/bot7968220801:AAGcPWzt_LvROHxFB0wNmwk3lMDf-Meo_8Y/getUpdates "HTTP/1.1 200 OK"
2025-04-22 17:14:14,032 - httpx - INFO - HTTP Request: POST https://api.telegram.org/bot7968220801:AAGcPWzt_LvROHxFB0wNmwk3lMDf-Meo_8Y/getUpdates "HTTP/1.1 200 OK"
2025-04-22 17:14:24,272 - httpx - INFO - HTTP Request: POST https://api.telegram.org/bot7968220801:AAGcPWzt_LvROHxFB0wNmwk3lMDf-Meo_8Y/getUpdates "HTTP/1.1 200 OK"
2025-04-22 17:14:34,430 - httpx - INFO - HTTP Request: POST https://api.telegram.org/bot7968220801:AAGcPWzt_LvROHxFB0wNmwk3lMDf-Meo_8Y/getUpdates "HTTP/1.1 200 OK"
2025-04-22 17:14:48,441 - httpx - INFO - HTTP Request: POST https://api.telegram.org/bot7968220801:AAGcPWzt_LvROHxFB0wNmwk3lMDf-Meo_8Y/getUpdates "HTTP/1.1 200 OK"
2025-04-22 17:14:53,969 - httpx - INFO - HTTP Request: POST https://api.telegram.org/bot7968220801:AAGcPWzt_LvROHxFB0wNmwk3lMDf-Meo_8Y/getUpdates "HTTP/1.1 200 OK"
2025-04-22 17:14:54,175 - httpx - INFO - HTTP Request: POST https://api.telegram.org/bot7968220801:AAGcPWzt_LvROHxFB0wNmwk3lMDf-Meo_8Y/getUpdates "HTTP/1.1 200 OK"
2025-04-22 17:15:04,416 - httpx - INFO - HTTP Request: POST https://api.telegram.org/bot7968220801:AAGcPWzt_LvROHxFB0wNmwk3lMDf-Meo_8Y/getUpdates "HTTP/1.1 200 OK"
2025-04-22 17:15:14,654 - httpx - INFO - HTTP Request: POST https://api.telegram.org/bot7968220801:AAGcPWzt_LvROHxFB0wNmwk3lMDf-Meo_8Y/getUpdates "HTTP/1.1 200 OK"
2025-04-22 17:15:24,851 - httpx - INFO - HTTP Request: POST https://api.telegram.org/bot7968220801:AAGcPWzt_LvROHxFB0wNmwk3lMDf-Meo_8Y/getUpdates "HTTP/1.1 200 OK"
2025-04-22 17:15:35,136 - httpx - INFO - HTTP Request: POST https://api.telegram.org/bot7968220801:AAGcPWzt_LvROHxFB0wNmwk3lMDf-Meo_8Y/getUpdates "HTTP/1.1 200 OK"
2025-04-22 17:15:40,256 - httpx - INFO - HTTP Request: POST https://api.telegram.org/bot7968220801:AAGcPWzt_LvROHxFB0wNmwk3lMDf-Meo_8Y/getUpdates "HTTP/1.1 200 OK"
2025-04-22 17:15:41,012 - httpx - INFO - HTTP Request: POST https://api.telegram.org/bot7968220801:AAGcPWzt_LvROHxFB0wNmwk3lMDf-Meo_8Y/getChatMember "HTTP/1.1 200 OK"
2025-04-22 17:15:41,184 - httpx - INFO - HTTP Request: POST https://api.telegram.org/bot7968220801:AAGcPWzt_LvROHxFB0wNmwk3lMDf-Meo_8Y/sendMessage "HTTP/1.1 200 OK"
2025-04-22 17:15:44,781 - httpx - INFO - HTTP Request: POST https://api.telegram.org/bot7968220801:AAGcPWzt_LvROHxFB0wNmwk3lMDf-Meo_8Y/getUpdates "HTTP/1.1 200 OK"
2025-04-22 17:15:45,067 - httpx - INFO - HTTP Request: POST https://api.telegram.org/bot7968220801:AAGcPWzt_LvROHxFB0wNmwk3lMDf-Meo_8Y/getChatMember "HTTP/1.1 200 OK"
2025-04-22 17:15:45,270 - httpx - INFO - HTTP Request: POST https://api.telegram.org/bot7968220801:AAGcPWzt_LvROHxFB0wNmwk3lMDf-Meo_8Y/sendMessage "HTTP/1.1 200 OK"
2025-04-22 17:15:55,001 - httpx - INFO - HTTP Request: POST https://api.telegram.org/bot7968220801:AAGcPWzt_LvROHxFB0wNmwk3lMDf-Meo_8Y/getUpdates "HTTP/1.1 200 OK"
2025-04-22 17:16:00,223 - httpx - INFO - HTTP Request: POST https://api.telegram.org/bot7968220801:AAGcPWzt_LvROHxFB0wNmwk3lMDf-Meo_8Y/getUpdates "HTTP/1.1 200 OK"
2025-04-22 17:16:09,831 - httpx - INFO - HTTP Request: POST https://api.telegram.org/bot7968220801:AAGcPWzt_LvROHxFB0wNmwk3lMDf-Meo_8Y/getUpdates "HTTP/1.1 200 OK"
2025-04-22 17:16:09,986 - httpx - INFO - HTTP Request: POST https://api.telegram.org/bot7968220801:AAGcPWzt_LvROHxFB0wNmwk3lMDf-Meo_8Y/getUpdates "HTTP/1.1 200 OK"
2025-04-22 17:16:20,192 - httpx - INFO - HTTP Request: POST https://api.telegram.org/bot7968220801:AAGcPWzt_LvROHxFB0wNmwk3lMDf-Meo_8Y/getUpdates "HTTP/1.1 200 OK"
2025-04-22 17:16:25,905 - httpx - INFO - HTTP Request: POST https://api.telegram.org/bot7968220801:AAGcPWzt_LvROHxFB0wNmwk3lMDf-Meo_8Y/getUpdates "HTTP/1.1 200 OK"
2025-04-22 17:16:26,379 - httpx - INFO - HTTP Request: POST https://api.telegram.org/bot7968220801:AAGcPWzt_LvROHxFB0wNmwk3lMDf-Meo_8Y/getChatMember "HTTP/1.1 200 OK"
2025-04-22 17:16:26,387 - __main__ - INFO - Deleted message with links from user Jovanijota in chat አ.ሳ.ቴ.ዩ Social Media Team
2025-04-22 17:16:26,641 - httpx - INFO - HTTP Request: POST https://api.telegram.org/bot7968220801:AAGcPWzt_LvROHxFB0wNmwk3lMDf-Meo_8Y/deleteMessage "HTTP/1.1 200 OK"
2025-04-22 17:16:26,935 - httpx - INFO - HTTP Request: POST https://api.telegram.org/bot7968220801:AAGcPWzt_LvROHxFB0wNmwk3lMDf-Meo_8Y/sendMessage "HTTP/1.1 200 OK"
2025-04-22 17:16:26,937 - __main__ - ERROR - Error sending notification: 'NoneType' object has no attribute 'run_once'
2025-04-22 17:16:34,522 - httpx - INFO - HTTP Request: POST https://api.telegram.org/bot7968220801:AAGcPWzt_LvROHxFB0wNmwk3lMDf-Meo_8Y/getUpdates "HTTP/1.1 200 OK"
2025-04-22 17:16:35,027 - httpx - INFO - HTTP Request: POST https://api.telegram.org/bot7968220801:AAGcPWzt_LvROHxFB0wNmwk3lMDf-Meo_8Y/getChatMember "HTTP/1.1 200 OK"
2025-04-22 17:16:35,029 - __main__ - INFO - Deleted message with links from user Jovanijota in chat አ.ሳ.ቴ.ዩ Social Media Team
2025-04-22 17:16:35,184 - httpx - INFO - HTTP Request: POST https://api.telegram.org/bot7968220801:AAGcPWzt_LvROHxFB0wNmwk3lMDf-Meo_8Y/deleteMessage "HTTP/1.1 200 OK"
2025-04-22 17:16:35,390 - httpx - INFO - HTTP Request: POST https://api.telegram.org/bot7968220801:AAGcPWzt_LvROHxFB0wNmwk3lMDf-Meo_8Y/sendMessage "HTTP/1.1 200 OK"
2025-04-22 17:16:35,392 - __main__ - ERROR - Error sending notification: 'NoneType' object has no attribute 'run_once'
2025-04-22 17:16:44,769 - httpx - INFO - HTTP Request: POST https://api.telegram.org/bot7968220801:AAGcPWzt_LvROHxFB0wNmwk3lMDf-Meo_8Y/getUpdates "HTTP/1.1 200 OK"
2025-04-22 17:16:54,925 - httpx - INFO - HTTP Request: POST https://api.telegram.org/bot7968220801:AAGcPWzt_LvROHxFB0wNmwk3lMDf-Meo_8Y/getUpdates "HTTP/1.1 200 OK"
2025-04-22 17:17:05,147 - httpx - INFO - HTTP Request: POST https://api.telegram.org/bot7968220801:AAGcPWzt_LvROHxFB0wNmwk3lMDf-Meo_8Y/getUpdates "HTTP/1.1 200 OK"
2025-04-22 17:17:15,389 - httpx - INFO - HTTP Request: POST https://api.telegram.org/bot7968220801:AAGcPWzt_LvROHxFB0wNmwk3lMDf-Meo_8Y/getUpdates "HTTP/1.1 200 OK"
2025-04-22 17:17:25,729 - httpx - INFO - HTTP Request: POST https://api.telegram.org/bot7968220801:AAGcPWzt_LvROHxFB0wNmwk3lMDf-Meo_8Y/getUpdates "HTTP/1.1 200 OK"
2025-04-22 17:17:36,433 - httpx - INFO - HTTP Request: POST https://api.telegram.org/bot7968220801:AAGcPWzt_LvROHxFB0wNmwk3lMDf-Meo_8Y/getUpdates "HTTP/1.1 200 OK"
2025-04-22 17:17:46,723 - httpx - INFO - HTTP Request: POST https://api.telegram.org/bot7968220801:AAGcPWzt_LvROHxFB0wNmwk3lMDf-Meo_8Y/getUpdates "HTTP/1.1 200 OK"
2025-04-22 17:17:57,317 - httpx - INFO - HTTP Request: POST https://api.telegram.org/bot7968220801:AAGcPWzt_LvROHxFB0wNmwk3lMDf-Meo_8Y/getUpdates "HTTP/1.1 200 OK"
2025-04-22 17:18:07,725 - httpx - INFO - HTTP Request: POST https://api.telegram.org/bot7968220801:AAGcPWzt_LvROHxFB0wNmwk3lMDf-Meo_8Y/getUpdates "HTTP/1.1 200 OK"
2025-04-22 17:18:18,179 - httpx - INFO - HTTP Request: POST https://api.telegram.org/bot7968220801:AAGcPWzt_LvROHxFB0wNmwk3lMDf-Meo_8Y/getUpdates "HTTP/1.1 200 OK"
2025-04-22 17:18:28,502 - httpx - INFO - HTTP Request: POST https://api.telegram.org/bot7968220801:AAGcPWzt_LvROHxFB0wNmwk3lMDf-Meo_8Y/getUpdates "HTTP/1.1 200 OK"
2025-04-22 17:18:40,998 - httpx - INFO - HTTP Request: POST https://api.telegram.org/bot7968220801:AAGcPWzt_LvROHxFB0wNmwk3lMDf-Meo_8Y/getUpdates "HTTP/1.1 200 OK"
2025-04-22 17:19:42,027 - httpx - INFO - HTTP Request: POST https://api.telegram.org/bot7968220801:AAGcPWzt_LvROHxFB0wNmwk3lMDf-Meo_8Y/getUpdates "HTTP/1.1 200 OK"
2025-04-22 17:19:52,679 - httpx - INFO - HTTP Request: POST https://api.telegram.org/bot7968220801:AAGcPWzt_LvROHxFB0wNmwk3lMDf-Meo_8Y/getUpdates "HTTP/1.1 200 OK"
2025-04-22 17:20:05,715 - httpx - INFO - HTTP Request: POST https://api.telegram.org/bot7968220801:AAGcPWzt_LvROHxFB0wNmwk3lMDf-Meo_8Y/getUpdates "HTTP/1.1 200 OK"
2025-04-22 17:20:15,852 - httpx - INFO - HTTP Request: POST https://api.telegram.org/bot7968220801:AAGcPWzt_LvROHxFB0wNmwk3lMDf-Meo_8Y/getUpdates "HTTP/1.1 200 OK"
2025-04-22 17:20:19,051 - httpx - INFO - HTTP Request: POST https://api.telegram.org/bot7968220801:AAGcPWzt_LvROHxFB0wNmwk3lMDf-Meo_8Y/getUpdates "HTTP/1.1 200 OK"
2025-04-22 17:20:19,656 - httpx - INFO - HTTP Request: POST https://api.telegram.org/bot7968220801:AAGcPWzt_LvROHxFB0wNmwk3lMDf-Meo_8Y/getChatMember "HTTP/1.1 200 OK"
2025-04-22 17:20:19,657 - __main__ - INFO - Deleted message with links from user Jovanijota in chat አ.ሳ.ቴ.ዩ Social Media Team
2025-04-22 17:20:19,815 - httpx - INFO - HTTP Request: POST https://api.telegram.org/bot7968220801:AAGcPWzt_LvROHxFB0wNmwk3lMDf-Meo_8Y/deleteMessage "HTTP/1.1 200 OK"
2025-04-22 17:20:20,029 - httpx - INFO - HTTP Request: POST https://api.telegram.org/bot7968220801:AAGcPWzt_LvROHxFB0wNmwk3lMDf-Meo_8Y/sendMessage "HTTP/1.1 200 OK"
2025-04-22 17:20:20,032 - __main__ - ERROR - Error sending notification: 'NoneType' object has no attribute 'run_once'
2025-04-22 17:20:29,439 - httpx - INFO - HTTP Request: POST https://api.telegram.org/bot7968220801:AAGcPWzt_LvROHxFB0wNmwk3lMDf-Meo_8Y/getUpdates "HTTP/1.1 200 OK"
2025-04-22 17:20:33,432 - httpx - INFO - HTTP Request: POST https://api.telegram.org/bot7968220801:AAGcPWzt_LvROHxFB0wNmwk3lMDf-Meo_8Y/getUpdates "HTTP/1.1 200 OK"
2025-04-22 17:20:33,434 - telegram.ext.Application - INFO - Application is stopping. This might take a moment.
2025-04-22 17:20:33,434 - telegram.ext.Application - INFO - Application.stop() complete
2025-04-22 17:20:37,223 - httpx - INFO - HTTP Request: POST https://api.telegram.org/bot7968220801:AAGcPWzt_LvROHxFB0wNmwk3lMDf-Meo_8Y/getMe "HTTP/1.1 200 OK"
2025-04-22 17:20:37,357 - httpx - INFO - HTTP Request: POST https://api.telegram.org/bot7968220801:AAGcPWzt_LvROHxFB0wNmwk3lMDf-Meo_8Y/deleteWebhook "HTTP/1.1 200 OK"
2025-04-22 17:20:37,358 - telegram.ext.Application - INFO - Application started
2025-04-22 17:20:43,570 - httpx - INFO - HTTP Request: POST https://api.telegram.org/bot7968220801:AAGcPWzt_LvROHxFB0wNmwk3lMDf-Meo_8Y/getUpdates "HTTP/1.1 200 OK"
2025-04-22 17:20:44,082 - httpx - INFO - HTTP Request: POST https://api.telegram.org/bot7968220801:AAGcPWzt_LvROHxFB0wNmwk3lMDf-Meo_8Y/getChatMember "HTTP/1.1 200 OK"
2025-04-22 17:20:44,093 - __main__ - INFO - Deleted message with links from user Jovanijota in chat አ.ሳ.ቴ.ዩ Social Media Team
2025-04-22 17:20:44,382 - httpx - INFO - HTTP Request: POST https://api.telegram.org/bot7968220801:AAGcPWzt_LvROHxFB0wNmwk3lMDf-Meo_8Y/deleteMessage "HTTP/1.1 200 OK"
2025-04-22 17:20:53,810 - httpx - INFO - HTTP Request: POST https://api.telegram.org/bot7968220801:AAGcPWzt_LvROHxFB0wNmwk3lMDf-Meo_8Y/getUpdates "HTTP/1.1 200 OK"
2025-04-22 17:20:59,647 - httpx - INFO - HTTP Request: POST https://api.telegram.org/bot7968220801:AAGcPWzt_LvROHxFB0wNmwk3lMDf-Meo_8Y/getUpdates "HTTP/1.1 200 OK"
2025-04-22 17:21:00,218 - httpx - INFO - HTTP Request: POST https://api.telegram.org/bot7968220801:AAGcPWzt_LvROHxFB0wNmwk3lMDf-Meo_8Y/getChatMember "HTTP/1.1 200 OK"
2025-04-22 17:21:00,219 - __main__ - INFO - Deleted message with links from user Jovanijota in chat አ.ሳ.ቴ.ዩ Social Media Team
2025-04-22 17:21:00,388 - httpx - INFO - HTTP Request: POST https://api.telegram.org/bot7968220801:AAGcPWzt_LvROHxFB0wNmwk3lMDf-Meo_8Y/deleteMessage "HTTP/1.1 200 OK"
2025-04-22 17:21:08,237 - httpx - INFO - HTTP Request: POST https://api.telegram.org/bot7968220801:AAGcPWzt_LvROHxFB0wNmwk3lMDf-Meo_8Y/getUpdates "HTTP/1.1 200 OK"
2025-04-22 17:21:08,756 - httpx - INFO - HTTP Request: POST https://api.telegram.org/bot7968220801:AAGcPWzt_LvROHxFB0wNmwk3lMDf-Meo_8Y/getChatMember "HTTP/1.1 200 OK"
2025-04-22 17:21:08,757 - __main__ - INFO - Deleted message with links from user Jovanijota in chat አ.ሳ.ቴ.ዩ Social Media Team
2025-04-22 17:21:08,909 - httpx - INFO - HTTP Request: POST https://api.telegram.org/bot7968220801:AAGcPWzt_LvROHxFB0wNmwk3lMDf-Meo_8Y/deleteMessage "HTTP/1.1 200 OK"
2025-04-22 17:21:18,549 - httpx - INFO - HTTP Request: POST https://api.telegram.org/bot7968220801:AAGcPWzt_LvROHxFB0wNmwk3lMDf-Meo_8Y/getUpdates "HTTP/1.1 200 OK"
2025-04-22 17:21:28,831 - httpx - INFO - HTTP Request: POST https://api.telegram.org/bot7968220801:AAGcPWzt_LvROHxFB0wNmwk3lMDf-Meo_8Y/getUpdates "HTTP/1.1 200 OK"
2025-04-22 17:21:39,071 - httpx - INFO - HTTP Request: POST https://api.telegram.org/bot7968220801:AAGcPWzt_LvROHxFB0wNmwk3lMDf-Meo_8Y/getUpdates "HTTP/1.1 200 OK"
2025-04-22 17:21:49,313 - httpx - INFO - HTTP Request: POST https://api.telegram.org/bot7968220801:AAGcPWzt_LvROHxFB0wNmwk3lMDf-Meo_8Y/getUpdates "HTTP/1.1 200 OK"
2025-04-22 17:21:59,483 - httpx - INFO - HTTP Request: POST https://api.telegram.org/bot7968220801:AAGcPWzt_LvROHxFB0wNmwk3lMDf-Meo_8Y/getUpdates "HTTP/1.1 200 OK"
2025-04-22 17:22:05,183 - httpx - INFO - HTTP Request: POST https://api.telegram.org/bot7968220801:AAGcPWzt_LvROHxFB0wNmwk3lMDf-Meo_8Y/getUpdates "HTTP/1.1 200 OK"
2025-04-22 17:22:05,185 - telegram.ext.Application - INFO - Application is stopping. This might take a moment.
2025-04-22 17:22:05,186 - telegram.ext.Application - INFO - Application.stop() complete
